{"C:\\Users\\ralon\\OneDrive\\Escritorio\\CarLog\\vehicle-backend\\app.js": {"path":"C:\\Users\\ralon\\OneDrive\\Escritorio\\CarLog\\vehicle-backend\\app.js","statementMap":{"0":{"start":{"line":1,"column":0},"end":{"line":1,"column":27}},"1":{"start":{"line":2,"column":21},"end":{"line":2,"column":53}},"2":{"start":{"line":3,"column":16},"end":{"line":3,"column":34}},"3":{"start":{"line":4,"column":23},"end":{"line":4,"column":56}},"4":{"start":{"line":6,"column":12},"end":{"line":6,"column":21}},"5":{"start":{"line":9,"column":0},"end":{"line":9,"column":24}},"6":{"start":{"line":11,"column":0},"end":{"line":11,"column":33}},"7":{"start":{"line":14,"column":0},"end":{"line":14,"column":41}},"8":{"start":{"line":16,"column":0},"end":{"line":16,"column":21}}},"fnMap":{},"branchMap":{},"s":{"0":2,"1":2,"2":2,"3":2,"4":2,"5":2,"6":2,"7":2,"8":2},"f":{},"b":{},"_coverageSchema":"1a1c01bbd47fc00a2c39e90264f33305004495a9","hash":"f5069b42370e6096e00aeb6acc2ec3609dc3b5bb"}
,"C:\\Users\\ralon\\OneDrive\\Escritorio\\CarLog\\vehicle-backend\\controllers\\Healthcontroller.js": {"path":"C:\\Users\\ralon\\OneDrive\\Escritorio\\CarLog\\vehicle-backend\\controllers\\Healthcontroller.js","statementMap":{"0":{"start":{"line":1,"column":0},"end":{"line":7,"column":2}},"1":{"start":{"line":2,"column":4},"end":{"line":6,"column":7}}},"fnMap":{"0":{"name":"(anonymous_0)","decl":{"start":{"line":1,"column":22},"end":{"line":1,"column":23}},"loc":{"start":{"line":1,"column":36},"end":{"line":7,"column":1}},"line":1}},"branchMap":{},"s":{"0":2,"1":1},"f":{"0":1},"b":{},"_coverageSchema":"1a1c01bbd47fc00a2c39e90264f33305004495a9","hash":"6c720606eee4722dc25e5bfd7d9f3e6b173ac81a"}
,"C:\\Users\\ralon\\OneDrive\\Escritorio\\CarLog\\vehicle-backend\\controllers\\vehicleController.js": {"path":"C:\\Users\\ralon\\OneDrive\\Escritorio\\CarLog\\vehicle-backend\\controllers\\vehicleController.js","statementMap":{"0":{"start":{"line":1,"column":16},"end":{"line":1,"column":44}},"1":{"start":{"line":3,"column":0},"end":{"line":65,"column":2}},"2":{"start":{"line":4,"column":4},"end":{"line":64,"column":5}},"3":{"start":{"line":5,"column":40},"end":{"line":5,"column":49}},"4":{"start":{"line":7,"column":23},"end":{"line":7,"column":25}},"5":{"start":{"line":8,"column":8},"end":{"line":10,"column":9}},"6":{"start":{"line":9,"column":12},"end":{"line":9,"column":69}},"7":{"start":{"line":11,"column":8},"end":{"line":13,"column":9}},"8":{"start":{"line":12,"column":12},"end":{"line":12,"column":71}},"9":{"start":{"line":14,"column":8},"end":{"line":17,"column":9}},"10":{"start":{"line":16,"column":12},"end":{"line":16,"column":54}},"11":{"start":{"line":20,"column":21},"end":{"line":20,"column":50}},"12":{"start":{"line":21,"column":22},"end":{"line":21,"column":53}},"13":{"start":{"line":22,"column":21},"end":{"line":22,"column":39}},"14":{"start":{"line":25,"column":25},"end":{"line":25,"column":75}},"15":{"start":{"line":26,"column":22},"end":{"line":26,"column":58}},"16":{"start":{"line":29,"column":33},"end":{"line":47,"column":10}},"17":{"start":{"line":30,"column":37},"end":{"line":30,"column":54}},"18":{"start":{"line":32,"column":12},"end":{"line":41,"column":13}},"19":{"start":{"line":33,"column":28},"end":{"line":33,"column":64}},"20":{"start":{"line":34,"column":28},"end":{"line":34,"column":64}},"21":{"start":{"line":35,"column":16},"end":{"line":40,"column":19}},"22":{"start":{"line":36,"column":20},"end":{"line":39,"column":22}},"23":{"start":{"line":43,"column":12},"end":{"line":46,"column":14}},"24":{"start":{"line":49,"column":8},"end":{"line":57,"column":11}},"25":{"start":{"line":59,"column":8},"end":{"line":63,"column":11}},"26":{"start":{"line":67,"column":0},"end":{"line":91,"column":2}},"27":{"start":{"line":68,"column":4},"end":{"line":90,"column":5}},"28":{"start":{"line":69,"column":27},"end":{"line":69,"column":48}},"29":{"start":{"line":70,"column":8},"end":{"line":70,"column":32}},"30":{"start":{"line":72,"column":8},"end":{"line":76,"column":11}},"31":{"start":{"line":78,"column":8},"end":{"line":84,"column":9}},"32":{"start":{"line":79,"column":12},"end":{"line":83,"column":15}},"33":{"start":{"line":85,"column":8},"end":{"line":89,"column":11}},"34":{"start":{"line":93,"column":0},"end":{"line":113,"column":2}},"35":{"start":{"line":94,"column":4},"end":{"line":112,"column":5}},"36":{"start":{"line":95,"column":24},"end":{"line":95,"column":61}},"37":{"start":{"line":96,"column":8},"end":{"line":101,"column":9}},"38":{"start":{"line":97,"column":12},"end":{"line":100,"column":15}},"39":{"start":{"line":102,"column":8},"end":{"line":105,"column":11}},"40":{"start":{"line":107,"column":8},"end":{"line":111,"column":11}},"41":{"start":{"line":115,"column":0},"end":{"line":151,"column":2}},"42":{"start":{"line":116,"column":4},"end":{"line":150,"column":5}},"43":{"start":{"line":117,"column":24},"end":{"line":124,"column":9}},"44":{"start":{"line":126,"column":8},"end":{"line":131,"column":9}},"45":{"start":{"line":127,"column":12},"end":{"line":130,"column":15}},"46":{"start":{"line":133,"column":8},"end":{"line":136,"column":11}},"47":{"start":{"line":138,"column":8},"end":{"line":144,"column":9}},"48":{"start":{"line":139,"column":12},"end":{"line":143,"column":15}},"49":{"start":{"line":145,"column":8},"end":{"line":149,"column":11}},"50":{"start":{"line":153,"column":0},"end":{"line":173,"column":2}},"51":{"start":{"line":154,"column":4},"end":{"line":172,"column":5}},"52":{"start":{"line":155,"column":24},"end":{"line":155,"column":70}},"53":{"start":{"line":156,"column":8},"end":{"line":161,"column":9}},"54":{"start":{"line":157,"column":12},"end":{"line":160,"column":15}},"55":{"start":{"line":162,"column":8},"end":{"line":165,"column":11}},"56":{"start":{"line":167,"column":8},"end":{"line":171,"column":11}}},"fnMap":{"0":{"name":"(anonymous_0)","decl":{"start":{"line":3,"column":25},"end":{"line":3,"column":26}},"loc":{"start":{"line":3,"column":45},"end":{"line":65,"column":1}},"line":3},"1":{"name":"(anonymous_1)","decl":{"start":{"line":29,"column":46},"end":{"line":29,"column":47}},"loc":{"start":{"line":29,"column":59},"end":{"line":47,"column":9}},"line":29},"2":{"name":"(anonymous_2)","decl":{"start":{"line":35,"column":62},"end":{"line":35,"column":63}},"loc":{"start":{"line":35,"column":69},"end":{"line":40,"column":17}},"line":35},"3":{"name":"(anonymous_3)","decl":{"start":{"line":67,"column":24},"end":{"line":67,"column":25}},"loc":{"start":{"line":67,"column":44},"end":{"line":91,"column":1}},"line":67},"4":{"name":"(anonymous_4)","decl":{"start":{"line":93,"column":25},"end":{"line":93,"column":26}},"loc":{"start":{"line":93,"column":45},"end":{"line":113,"column":1}},"line":93},"5":{"name":"(anonymous_5)","decl":{"start":{"line":115,"column":24},"end":{"line":115,"column":25}},"loc":{"start":{"line":115,"column":44},"end":{"line":151,"column":1}},"line":115},"6":{"name":"(anonymous_6)","decl":{"start":{"line":153,"column":24},"end":{"line":153,"column":25}},"loc":{"start":{"line":153,"column":44},"end":{"line":173,"column":1}},"line":153}},"branchMap":{"0":{"loc":{"start":{"line":8,"column":8},"end":{"line":10,"column":9}},"type":"if","locations":[{"start":{"line":8,"column":8},"end":{"line":10,"column":9}},{"start":{},"end":{}}],"line":8},"1":{"loc":{"start":{"line":11,"column":8},"end":{"line":13,"column":9}},"type":"if","locations":[{"start":{"line":11,"column":8},"end":{"line":13,"column":9}},{"start":{},"end":{}}],"line":11},"2":{"loc":{"start":{"line":14,"column":8},"end":{"line":17,"column":9}},"type":"if","locations":[{"start":{"line":14,"column":8},"end":{"line":17,"column":9}},{"start":{},"end":{}}],"line":14},"3":{"loc":{"start":{"line":14,"column":12},"end":{"line":14,"column":44}},"type":"binary-expr","locations":[{"start":{"line":14,"column":12},"end":{"line":14,"column":16}},{"start":{"line":14,"column":20},"end":{"line":14,"column":44}}],"line":14},"4":{"loc":{"start":{"line":20,"column":21},"end":{"line":20,"column":50}},"type":"binary-expr","locations":[{"start":{"line":20,"column":21},"end":{"line":20,"column":45}},{"start":{"line":20,"column":49},"end":{"line":20,"column":50}}],"line":20},"5":{"loc":{"start":{"line":21,"column":22},"end":{"line":21,"column":53}},"type":"binary-expr","locations":[{"start":{"line":21,"column":22},"end":{"line":21,"column":47}},{"start":{"line":21,"column":51},"end":{"line":21,"column":53}}],"line":21},"6":{"loc":{"start":{"line":32,"column":12},"end":{"line":41,"column":13}},"type":"if","locations":[{"start":{"line":32,"column":12},"end":{"line":41,"column":13}},{"start":{},"end":{}}],"line":32},"7":{"loc":{"start":{"line":32,"column":16},"end":{"line":32,"column":48}},"type":"binary-expr","locations":[{"start":{"line":32,"column":16},"end":{"line":32,"column":20}},{"start":{"line":32,"column":24},"end":{"line":32,"column":48}}],"line":32},"8":{"loc":{"start":{"line":33,"column":28},"end":{"line":33,"column":64}},"type":"cond-expr","locations":[{"start":{"line":33,"column":39},"end":{"line":33,"column":57}},{"start":{"line":33,"column":60},"end":{"line":33,"column":64}}],"line":33},"9":{"loc":{"start":{"line":34,"column":28},"end":{"line":34,"column":64}},"type":"cond-expr","locations":[{"start":{"line":34,"column":39},"end":{"line":34,"column":57}},{"start":{"line":34,"column":60},"end":{"line":34,"column":64}}],"line":34},"10":{"loc":{"start":{"line":37,"column":24},"end":{"line":38,"column":55}},"type":"binary-expr","locations":[{"start":{"line":37,"column":25},"end":{"line":37,"column":37}},{"start":{"line":37,"column":41},"end":{"line":37,"column":54}},{"start":{"line":38,"column":25},"end":{"line":38,"column":37}},{"start":{"line":38,"column":41},"end":{"line":38,"column":54}}],"line":37},"11":{"loc":{"start":{"line":78,"column":8},"end":{"line":84,"column":9}},"type":"if","locations":[{"start":{"line":78,"column":8},"end":{"line":84,"column":9}},{"start":{},"end":{}}],"line":78},"12":{"loc":{"start":{"line":96,"column":8},"end":{"line":101,"column":9}},"type":"if","locations":[{"start":{"line":96,"column":8},"end":{"line":101,"column":9}},{"start":{},"end":{}}],"line":96},"13":{"loc":{"start":{"line":126,"column":8},"end":{"line":131,"column":9}},"type":"if","locations":[{"start":{"line":126,"column":8},"end":{"line":131,"column":9}},{"start":{},"end":{}}],"line":126},"14":{"loc":{"start":{"line":138,"column":8},"end":{"line":144,"column":9}},"type":"if","locations":[{"start":{"line":138,"column":8},"end":{"line":144,"column":9}},{"start":{},"end":{}}],"line":138},"15":{"loc":{"start":{"line":156,"column":8},"end":{"line":161,"column":9}},"type":"if","locations":[{"start":{"line":156,"column":8},"end":{"line":161,"column":9}},{"start":{},"end":{}}],"line":156}},"s":{"0":2,"1":2,"2":5,"3":5,"4":5,"5":5,"6":1,"7":5,"8":0,"9":5,"10":0,"11":5,"12":5,"13":5,"14":5,"15":3,"16":3,"17":3,"18":3,"19":0,"20":0,"21":0,"22":0,"23":3,"24":3,"25":2,"26":2,"27":1,"28":1,"29":1,"30":1,"31":0,"32":0,"33":0,"34":2,"35":2,"36":2,"37":2,"38":1,"39":1,"40":0,"41":2,"42":4,"43":4,"44":4,"45":2,"46":2,"47":0,"48":0,"49":0,"50":2,"51":4,"52":4,"53":4,"54":2,"55":2,"56":0},"f":{"0":5,"1":3,"2":0,"3":1,"4":2,"5":4,"6":4},"b":{"0":[1,4],"1":[0,5],"2":[0,5],"3":[5,0],"4":[5,5],"5":[5,5],"6":[0,3],"7":[3,0],"8":[0,0],"9":[0,0],"10":[0,0,0,0],"11":[0,0],"12":[1,1],"13":[2,2],"14":[0,0],"15":[2,2]},"_coverageSchema":"1a1c01bbd47fc00a2c39e90264f33305004495a9","hash":"9ba7c826e204460b27b53ba5c6a60f3b8411d6cd"}
,"C:\\Users\\ralon\\OneDrive\\Escritorio\\CarLog\\vehicle-backend\\database_models\\CarModel.js": {"path":"C:\\Users\\ralon\\OneDrive\\Escritorio\\CarLog\\vehicle-backend\\database_models\\CarModel.js","statementMap":{"0":{"start":{"line":1,"column":17},"end":{"line":1,"column":36}},"1":{"start":{"line":3,"column":22},"end":{"line":46,"column":1}},"2":{"start":{"line":48,"column":18},"end":{"line":62,"column":1}},"3":{"start":{"line":56,"column":25},"end":{"line":56,"column":39}},"4":{"start":{"line":64,"column":0},"end":{"line":64,"column":50}}},"fnMap":{"0":{"name":"(anonymous_0)","decl":{"start":{"line":56,"column":16},"end":{"line":56,"column":17}},"loc":{"start":{"line":56,"column":25},"end":{"line":56,"column":39}},"line":56}},"branchMap":{},"s":{"0":3,"1":3,"2":3,"3":0,"4":3},"f":{"0":0},"b":{},"_coverageSchema":"1a1c01bbd47fc00a2c39e90264f33305004495a9","hash":"8357a279ff1bd9b726028d4dfd9afce7d7f1262b"}
,"C:\\Users\\ralon\\OneDrive\\Escritorio\\CarLog\\vehicle-backend\\models\\Vehicle.js": {"path":"C:\\Users\\ralon\\OneDrive\\Escritorio\\CarLog\\vehicle-backend\\models\\Vehicle.js","statementMap":{"0":{"start":{"line":1,"column":12},"end":{"line":1,"column":50}},"1":{"start":{"line":3,"column":0},"end":{"line":3,"column":21}}},"fnMap":{},"branchMap":{},"s":{"0":3,"1":3},"f":{},"b":{},"_coverageSchema":"1a1c01bbd47fc00a2c39e90264f33305004495a9","hash":"34991e3bb0057a5bbbc7213eb86997e3aeb154f0"}
,"C:\\Users\\ralon\\OneDrive\\Escritorio\\CarLog\\vehicle-backend\\routes\\healthRoutes.js": {"path":"C:\\Users\\ralon\\OneDrive\\Escritorio\\CarLog\\vehicle-backend\\routes\\healthRoutes.js","statementMap":{"0":{"start":{"line":1,"column":16},"end":{"line":1,"column":34}},"1":{"start":{"line":2,"column":24},"end":{"line":2,"column":69}},"2":{"start":{"line":4,"column":15},"end":{"line":4,"column":31}},"3":{"start":{"line":6,"column":0},"end":{"line":6,"column":29}},"4":{"start":{"line":8,"column":0},"end":{"line":8,"column":24}}},"fnMap":{},"branchMap":{},"s":{"0":2,"1":2,"2":2,"3":2,"4":2},"f":{},"b":{},"_coverageSchema":"1a1c01bbd47fc00a2c39e90264f33305004495a9","hash":"5b03b64b2694ee1973ec8816f810056b6d495c61"}
,"C:\\Users\\ralon\\OneDrive\\Escritorio\\CarLog\\vehicle-backend\\routes\\vehicleRoutes.js": {"path":"C:\\Users\\ralon\\OneDrive\\Escritorio\\CarLog\\vehicle-backend\\routes\\vehicleRoutes.js","statementMap":{"0":{"start":{"line":1,"column":16},"end":{"line":1,"column":34}},"1":{"start":{"line":2,"column":15},"end":{"line":2,"column":31}},"2":{"start":{"line":3,"column":26},"end":{"line":3,"column":69}},"3":{"start":{"line":5,"column":0},"end":{"line":5,"column":50}},"4":{"start":{"line":6,"column":0},"end":{"line":6,"column":50}},"5":{"start":{"line":7,"column":0},"end":{"line":7,"column":53}},"6":{"start":{"line":8,"column":0},"end":{"line":8,"column":52}},"7":{"start":{"line":9,"column":0},"end":{"line":9,"column":55}},"8":{"start":{"line":11,"column":0},"end":{"line":11,"column":24}}},"fnMap":{},"branchMap":{},"s":{"0":2,"1":2,"2":2,"3":2,"4":2,"5":2,"6":2,"7":2,"8":2},"f":{},"b":{},"_coverageSchema":"1a1c01bbd47fc00a2c39e90264f33305004495a9","hash":"43882857b49fa2ba3ef641ec66f77810540c7afe"}
}
