TN:
SF:app.js
FNF:0
FNH:0
DA:1,2
DA:2,2
DA:3,2
DA:5,2
DA:8,2
DA:11,2
DA:13,2
LF:7
LH:7
BRF:0
BRH:0
end_of_record
TN:
SF:controllers\vehicleController.js
FN:3,(anonymous_0)
FN:29,(anonymous_1)
FN:35,(anonymous_2)
FN:67,(anonymous_3)
FN:93,(anonymous_4)
FN:116,(anonymous_5)
FN:154,(anonymous_6)
FNF:7
FNH:6
FNDA:5,(anonymous_0)
FNDA:3,(anonymous_1)
FNDA:0,(anonymous_2)
FNDA:1,(anonymous_3)
FNDA:2,(anonymous_4)
FNDA:4,(anonymous_5)
FNDA:4,(anonymous_6)
DA:1,2
DA:3,2
DA:4,5
DA:5,5
DA:7,5
DA:8,5
DA:9,1
DA:11,5
DA:12,0
DA:14,5
DA:16,0
DA:20,5
DA:21,5
DA:22,5
DA:25,5
DA:26,3
DA:29,3
DA:30,3
DA:32,3
DA:33,0
DA:34,0
DA:35,0
DA:36,0
DA:43,3
DA:49,3
DA:59,2
DA:67,2
DA:68,1
DA:69,1
DA:70,1
DA:72,1
DA:78,0
DA:79,0
DA:85,0
DA:93,2
DA:94,2
DA:95,2
DA:96,2
DA:97,1
DA:102,1
DA:107,0
DA:116,2
DA:117,4
DA:118,4
DA:127,4
DA:128,2
DA:134,2
DA:139,0
DA:140,0
DA:146,0
DA:154,2
DA:155,4
DA:156,4
DA:157,4
DA:158,2
DA:163,2
DA:168,0
LF:57
LH:43
BRDA:8,0,0,1
BRDA:8,0,1,4
BRDA:11,1,0,0
BRDA:11,1,1,5
BRDA:14,2,0,0
BRDA:14,2,1,5
BRDA:14,3,0,5
BRDA:14,3,1,0
BRDA:20,4,0,5
BRDA:20,4,1,5
BRDA:21,5,0,5
BRDA:21,5,1,5
BRDA:32,6,0,0
BRDA:32,6,1,3
BRDA:32,7,0,3
BRDA:32,7,1,0
BRDA:33,8,0,0
BRDA:33,8,1,0
BRDA:34,9,0,0
BRDA:34,9,1,0
BRDA:37,10,0,0
BRDA:37,10,1,0
BRDA:37,10,2,0
BRDA:37,10,3,0
BRDA:78,11,0,0
BRDA:78,11,1,0
BRDA:96,12,0,1
BRDA:96,12,1,1
BRDA:127,13,0,2
BRDA:127,13,1,2
BRDA:139,14,0,0
BRDA:139,14,1,0
BRDA:157,15,0,2
BRDA:157,15,1,2
BRF:34
BRH:17
end_of_record
TN:
SF:database_models\CarModel.js
FN:56,(anonymous_0)
FNF:1
FNH:0
FNDA:0,(anonymous_0)
DA:1,3
DA:3,3
DA:48,3
DA:56,0
DA:64,3
LF:5
LH:4
BRF:0
BRH:0
end_of_record
TN:
SF:models\Vehicle.js
FNF:0
FNH:0
DA:1,3
DA:3,3
LF:2
LH:2
BRF:0
BRH:0
end_of_record
TN:
SF:routes\vehicleRoutes.js
FNF:0
FNH:0
DA:1,2
DA:2,2
DA:3,2
DA:5,2
DA:6,2
DA:7,2
DA:8,2
DA:9,2
DA:11,2
LF:9
LH:9
BRF:0
BRH:0
end_of_record
